d:\programs\of_v0.11.0_vs2017_release\apps\myapps\cubes\obj\win32\debug\ofapp.obj
d:\programs\of_v0.11.0_vs2017_release\apps\myapps\cubes\obj\win32\debug\main.obj
d:\programs\of_v0.11.0_vs2017_release\apps\myapps\cubes\obj\win32\debug\vc141.pdb
d:\programs\of_v0.11.0_vs2017_release\apps\myapps\cubes\bin\cubes_debug.lib
d:\programs\of_v0.11.0_vs2017_release\apps\myapps\cubes\bin\cubes_debug.exp
d:\programs\of_v0.11.0_vs2017_release\apps\myapps\cubes\obj\win32\debug\icon.res
d:\programs\of_v0.11.0_vs2017_release\apps\myapps\cubes\obj\win32\debug\cubes.tlog\cl.command.1.tlog
d:\programs\of_v0.11.0_vs2017_release\apps\myapps\cubes\obj\win32\debug\cubes.tlog\cl.read.1.tlog
d:\programs\of_v0.11.0_vs2017_release\apps\myapps\cubes\obj\win32\debug\cubes.tlog\cl.write.1.tlog
d:\programs\of_v0.11.0_vs2017_release\apps\myapps\cubes\obj\win32\debug\cubes.tlog\cubes.write.1u.tlog
d:\programs\of_v0.11.0_vs2017_release\apps\myapps\cubes\obj\win32\debug\cubes.tlog\link-cvtres.read.1.tlog
d:\programs\of_v0.11.0_vs2017_release\apps\myapps\cubes\obj\win32\debug\cubes.tlog\link-cvtres.write.1.tlog
d:\programs\of_v0.11.0_vs2017_release\apps\myapps\cubes\obj\win32\debug\cubes.tlog\link-rc.read.1.tlog
d:\programs\of_v0.11.0_vs2017_release\apps\myapps\cubes\obj\win32\debug\cubes.tlog\link-rc.write.1.tlog
d:\programs\of_v0.11.0_vs2017_release\apps\myapps\cubes\obj\win32\debug\cubes.tlog\link.14304-cvtres.read.1.tlog
d:\programs\of_v0.11.0_vs2017_release\apps\myapps\cubes\obj\win32\debug\cubes.tlog\link.14304-cvtres.write.1.tlog
d:\programs\of_v0.11.0_vs2017_release\apps\myapps\cubes\obj\win32\debug\cubes.tlog\link.14304-rc.read.1.tlog
d:\programs\of_v0.11.0_vs2017_release\apps\myapps\cubes\obj\win32\debug\cubes.tlog\link.14304-rc.write.1.tlog
d:\programs\of_v0.11.0_vs2017_release\apps\myapps\cubes\obj\win32\debug\cubes.tlog\link.14304.read.1.tlog
d:\programs\of_v0.11.0_vs2017_release\apps\myapps\cubes\obj\win32\debug\cubes.tlog\link.14304.write.1.tlog
d:\programs\of_v0.11.0_vs2017_release\apps\myapps\cubes\obj\win32\debug\cubes.tlog\link.command.1.tlog
d:\programs\of_v0.11.0_vs2017_release\apps\myapps\cubes\obj\win32\debug\cubes.tlog\link.read.1.tlog
d:\programs\of_v0.11.0_vs2017_release\apps\myapps\cubes\obj\win32\debug\cubes.tlog\link.write.1.tlog
d:\programs\of_v0.11.0_vs2017_release\apps\myapps\cubes\obj\win32\debug\cubes.tlog\rc.command.1.tlog
d:\programs\of_v0.11.0_vs2017_release\apps\myapps\cubes\obj\win32\debug\cubes.tlog\rc.read.1.tlog
d:\programs\of_v0.11.0_vs2017_release\apps\myapps\cubes\obj\win32\debug\cubes.tlog\rc.write.1.tlog
